# JRE version: Java(TM) SE Runtime Environment (8.0_73-b02) (build 1.8.0_73-b02)
# Java VM: Java HotSpot(TM) 64-Bit Server VM (25.73-b02 mixed mode windows-amd64 compressed oops)
Heap:
 PSYoungGen      total 222208K, used 42771K [0x00000000eab00000, 0x00000000ff580000, 0x0000000100000000)
  eden space 201728K, 11% used [0x00000000eab00000,0x00000000ec0c9500,0x00000000f7000000)
  from space 20480K, 99% used [0x00000000f7000000,0x00000000f83fba80,0x00000000f8400000)
  to   space 26624K, 0% used [0x00000000fdb80000,0x00000000fdb80000,0x00000000ff580000)
 ParOldGen       total 82944K, used 39909K [0x00000000c0000000, 0x00000000c5100000, 0x00000000eab00000)
  object space 82944K, 48% used [0x00000000c0000000,0x00000000c26f9630,0x00000000c5100000)
 Metaspace       used 53843K, capacity 55012K, committed 55168K, reserved 1097728K
  class space    used 7245K, capacity 7549K, committed 7552K, reserved 1048576K
GC Heap History (10 events):
Event: 8.041 GC heap before
{Heap before GC invocations=9 (full 1):
 PSYoungGen      total 106496K, used 11528K [0x00000000eab00000, 0x00000000f4d80000, 0x0000000100000000)
  eden space 96768K, 1% used [0x00000000eab00000,0x00000000eacc8918,0x00000000f0980000)
  from space 9728K, 99% used [0x00000000f0980000,0x00000000f12f9ac8,0x00000000f1300000)
  to   space 12800K, 0% used [0x00000000f4100000,0x00000000f4100000,0x00000000f4d80000)
 ParOldGen       total 65024K, used 15928K [0x00000000c0000000, 0x00000000c3f80000, 0x00000000eab00000)
  object space 65024K, 24% used [0x00000000c0000000,0x00000000c0f8e048,0x00000000c3f80000)
 Metaspace       used 34559K, capacity 35254K, committed 35456K, reserved 1079296K
  class space    used 4673K, capacity 4869K, committed 4992K, reserved 1048576K
Event: 8.053 GC heap after
Heap after GC invocations=9 (full 1):
 PSYoungGen      total 153088K, used 9890K [0x00000000eab00000, 0x00000000f7700000, 0x0000000100000000)
  eden space 140288K, 0% used [0x00000000eab00000,0x00000000eab00000,0x00000000f3400000)
  from space 12800K, 77% used [0x00000000f4100000,0x00000000f4aa8a98,0x00000000f4d80000)
  to   space 13312K, 0% used [0x00000000f3400000,0x00000000f3400000,0x00000000f4100000)
 ParOldGen       total 65024K, used 15936K [0x00000000c0000000, 0x00000000c3f80000, 0x00000000eab00000)
  object space 65024K, 24% used [0x00000000c0000000,0x00000000c0f90048,0x00000000c3f80000)
 Metaspace       used 34559K, capacity 35254K, committed 35456K, reserved 1079296K
  class space    used 4673K, capacity 4869K, committed 4992K, reserved 1048576K
}
Event: 8.053 GC heap before
{Heap before GC invocations=10 (full 2):
 PSYoungGen      total 153088K, used 9890K [0x00000000eab00000, 0x00000000f7700000, 0x0000000100000000)
  eden space 140288K, 0% used [0x00000000eab00000,0x00000000eab00000,0x00000000f3400000)
  from space 12800K, 77% used [0x00000000f4100000,0x00000000f4aa8a98,0x00000000f4d80000)
  to   space 13312K, 0% used [0x00000000f3400000,0x00000000f3400000,0x00000000f4100000)
 ParOldGen       total 65024K, used 15936K [0x00000000c0000000, 0x00000000c3f80000, 0x00000000eab00000)
  object space 65024K, 24% used [0x00000000c0000000,0x00000000c0f90048,0x00000000c3f80000)
 Metaspace       used 34559K, capacity 35254K, committed 35456K, reserved 1079296K
  class space    used 4673K, capacity 4869K, committed 4992K, reserved 1048576K
Event: 8.171 GC heap after
Heap after GC invocations=10 (full 2):
 PSYoungGen      total 153088K, used 0K [0x00000000eab00000, 0x00000000f7700000, 0x0000000100000000)
  eden space 140288K, 0% used [0x00000000eab00000,0x00000000eab00000,0x00000000f3400000)
  from space 12800K, 0% used [0x00000000f4100000,0x00000000f4100000,0x00000000f4d80000)
  to   space 13312K, 0% used [0x00000000f3400000,0x00000000f3400000,0x00000000f4100000)
 ParOldGen       total 82944K, used 18982K [0x00000000c0000000, 0x00000000c5100000, 0x00000000eab00000)
  object space 82944K, 22% used [0x00000000c0000000,0x00000000c1289830,0x00000000c5100000)
 Metaspace       used 34559K, capacity 35254K, committed 35456K, reserved 1079296K
  class space    used 4673K, capacity 4869K, committed 4992K, reserved 1048576K
}
Event: 10.347 GC heap before
{Heap before GC invocations=11 (full 2):
 PSYoungGen      total 153088K, used 140288K [0x00000000eab00000, 0x00000000f7700000, 0x0000000100000000)
  eden space 140288K, 100% used [0x00000000eab00000,0x00000000f3400000,0x00000000f3400000)
  from space 12800K, 0% used [0x00000000f4100000,0x00000000f4100000,0x00000000f4d80000)
  to   space 13312K, 0% used [0x00000000f3400000,0x00000000f3400000,0x00000000f4100000)
 ParOldGen       total 82944K, used 18982K [0x00000000c0000000, 0x00000000c5100000, 0x00000000eab00000)
  object space 82944K, 22% used [0x00000000c0000000,0x00000000c1289830,0x00000000c5100000)
 Metaspace       used 43058K, capacity 43894K, committed 44160K, reserved 1087488K
  class space    used 5965K, capacity 6159K, committed 6272K, reserved 1048576K
Event: 10.362 GC heap after
Heap after GC invocations=11 (full 2):
 PSYoungGen      total 153600K, used 13294K [0x00000000eab00000, 0x00000000f9300000, 0x0000000100000000)
  eden space 140288K, 0% used [0x00000000eab00000,0x00000000eab00000,0x00000000f3400000)
  from space 13312K, 99% used [0x00000000f3400000,0x00000000f40fbab0,0x00000000f4100000)
  to   space 15360K, 0% used [0x00000000f8400000,0x00000000f8400000,0x00000000f9300000)
 ParOldGen       total 82944K, used 21442K [0x00000000c0000000, 0x00000000c5100000, 0x00000000eab00000)
  object space 82944K, 25% used [0x00000000c0000000,0x00000000c14f0960,0x00000000c5100000)
 Metaspace       used 43058K, capacity 43894K, committed 44160K, reserved 1087488K
  class space    used 5965K, capacity 6159K, committed 6272K, reserved 1048576K
}
Event: 20.832 GC heap before
{Heap before GC invocations=12 (full 2):
 PSYoungGen      total 153600K, used 153582K [0x00000000eab00000, 0x00000000f9300000, 0x0000000100000000)
  eden space 140288K, 100% used [0x00000000eab00000,0x00000000f3400000,0x00000000f3400000)
  from space 13312K, 99% used [0x00000000f3400000,0x00000000f40fbab0,0x00000000f4100000)
  to   space 15360K, 0% used [0x00000000f8400000,0x00000000f8400000,0x00000000f9300000)
 ParOldGen       total 82944K, used 21442K [0x00000000c0000000, 0x00000000c5100000, 0x00000000eab00000)
  object space 82944K, 25% used [0x00000000c0000000,0x00000000c14f0960,0x00000000c5100000)
 Metaspace       used 46951K, capacity 47988K, committed 48256K, reserved 1091584K
  class space    used 6446K, capacity 6759K, committed 6784K, reserved 1048576K
Event: 20.852 GC heap after
Heap after GC invocations=12 (full 2):
 PSYoungGen      total 217088K, used 15358K [0x00000000eab00000, 0x00000000f9900000, 0x0000000100000000)
  eden space 201728K, 0% used [0x00000000eab00000,0x00000000eab00000,0x00000000f7000000)
  from space 15360K, 99% used [0x00000000f8400000,0x00000000f92ff878,0x00000000f9300000)
  to   space 20480K, 0% used [0x00000000f7000000,0x00000000f7000000,0x00000000f8400000)
 ParOldGen       total 82944K, used 29796K [0x00000000c0000000, 0x00000000c5100000, 0x00000000eab00000)
  object space 82944K, 35% used [0x00000000c0000000,0x00000000c1d192c8,0x00000000c5100000)
 Metaspace       used 46951K, capacity 47988K, committed 48256K, reserved 1091584K
  class space    used 6446K, capacity 6759K, committed 6784K, reserved 1048576K
}
Event: 26.081 GC heap before
{Heap before GC invocations=13 (full 2):
 PSYoungGen      total 217088K, used 217086K [0x00000000eab00000, 0x00000000f9900000, 0x0000000100000000)
  eden space 201728K, 100% used [0x00000000eab00000,0x00000000f7000000,0x00000000f7000000)
  from space 15360K, 99% used [0x00000000f8400000,0x00000000f92ff878,0x00000000f9300000)
  to   space 20480K, 0% used [0x00000000f7000000,0x00000000f7000000,0x00000000f8400000)
 ParOldGen       total 82944K, used 29796K [0x00000000c0000000, 0x00000000c5100000, 0x00000000eab00000)
  object space 82944K, 35% used [0x00000000c0000000,0x00000000c1d192c8,0x00000000c5100000)
 Metaspace       used 52728K, capacity 53892K, committed 54144K, reserved 1095680K
  class space    used 7154K, capacity 7453K, committed 7552K, reserved 1048576K
Event: 26.112 GC heap after
Heap after GC invocations=13 (full 2):
 PSYoungGen      total 222208K, used 20462K [0x00000000eab00000, 0x00000000ff580000, 0x0000000100000000)
  eden space 201728K, 0% used [0x00000000eab00000,0x00000000eab00000,0x00000000f7000000)
  from space 20480K, 99% used [0x00000000f7000000,0x00000000f83fba80,0x00000000f8400000)
  to   space 26624K, 0% used [0x00000000fdb80000,0x00000000fdb80000,0x00000000ff580000)
 ParOldGen       total 82944K, used 39909K [0x00000000c0000000, 0x00000000c5100000, 0x00000000eab00000)
  object space 82944K, 48% used [0x00000000c0000000,0x00000000c26f9630,0x00000000c5100000)
 Metaspace       used 52728K, capacity 53892K, committed 54144K, reserved 1095680K
  class space    used 7154K, capacity 7453K, committed 7552K, reserved 1048576K
}

