# JRE version: Java(TM) SE Runtime Environment (8.0_73-b02) (build 1.8.0_73-b02)
# Java VM: Java HotSpot(TM) 64-Bit Server VM (25.73-b02 mixed mode windows-amd64 compressed oops)
Heap:
 PSYoungGen      total 224768K, used 101403K [0x00000000eab00000, 0x00000000fc000000, 0x0000000100000000)
  eden space 170496K, 59% used [0x00000000eab00000,0x00000000f0e06ed8,0x00000000f5180000)
  from space 54272K, 0% used [0x00000000f8800000,0x00000000f8800000,0x00000000fbd00000)
  to   space 55808K, 0% used [0x00000000f5180000,0x00000000f5180000,0x00000000f8800000)
 ParOldGen       total 106496K, used 33009K [0x00000000c0000000, 0x00000000c6800000, 0x00000000eab00000)
  object space 106496K, 30% used [0x00000000c0000000,0x00000000c203c460,0x00000000c6800000)
 Metaspace       used 58629K, capacity 60274K, committed 60544K, reserved 1101824K
  class space    used 7598K, capacity 7948K, committed 8064K, reserved 1048576K
GC Heap History (10 events):
Event: 226.734 GC heap before
{Heap before GC invocations=17 (full 4):
 PSYoungGen      total 217600K, used 1784K [0x00000000eab00000, 0x00000000fa800000, 0x0000000100000000)
  eden space 177152K, 0% used [0x00000000eab00000,0x00000000eab00000,0x00000000f5800000)
  from space 40448K, 4% used [0x00000000f5800000,0x00000000f59be180,0x00000000f7f80000)
  to   space 40960K, 0% used [0x00000000f8000000,0x00000000f8000000,0x00000000fa800000)
 ParOldGen       total 106496K, used 38025K [0x00000000c0000000, 0x00000000c6800000, 0x00000000eab00000)
  object space 106496K, 35% used [0x00000000c0000000,0x00000000c25227c8,0x00000000c6800000)
 Metaspace       used 55957K, capacity 57274K, committed 57600K, reserved 1099776K
  class space    used 7362K, capacity 7653K, committed 7680K, reserved 1048576K
Event: 227.004 GC heap after
Heap after GC invocations=17 (full 4):
 PSYoungGen      total 217600K, used 0K [0x00000000eab00000, 0x00000000fa800000, 0x0000000100000000)
  eden space 177152K, 0% used [0x00000000eab00000,0x00000000eab00000,0x00000000f5800000)
  from space 40448K, 0% used [0x00000000f5800000,0x00000000f5800000,0x00000000f7f80000)
  to   space 40960K, 0% used [0x00000000f8000000,0x00000000f8000000,0x00000000fa800000)
 ParOldGen       total 106496K, used 37019K [0x00000000c0000000, 0x00000000c6800000, 0x00000000eab00000)
  object space 106496K, 34% used [0x00000000c0000000,0x00000000c2426da0,0x00000000c6800000)
 Metaspace       used 55871K, capacity 57102K, committed 57600K, reserved 1099776K
  class space    used 7350K, capacity 7613K, committed 7680K, reserved 1048576K
}
Event: 2117.775 GC heap before
{Heap before GC invocations=18 (full 4):
 PSYoungGen      total 217600K, used 177152K [0x00000000eab00000, 0x00000000fa800000, 0x0000000100000000)
  eden space 177152K, 100% used [0x00000000eab00000,0x00000000f5800000,0x00000000f5800000)
  from space 40448K, 0% used [0x00000000f5800000,0x00000000f5800000,0x00000000f7f80000)
  to   space 40960K, 0% used [0x00000000f8000000,0x00000000f8000000,0x00000000fa800000)
 ParOldGen       total 106496K, used 37019K [0x00000000c0000000, 0x00000000c6800000, 0x00000000eab00000)
  object space 106496K, 34% used [0x00000000c0000000,0x00000000c2426da0,0x00000000c6800000)
 Metaspace       used 57651K, capacity 59130K, committed 59392K, reserved 1101824K
  class space    used 7536K, capacity 7873K, committed 7936K, reserved 1048576K
Event: 2117.786 GC heap after
Heap after GC invocations=18 (full 4):
 PSYoungGen      total 219136K, used 4915K [0x00000000eab00000, 0x00000000fc800000, 0x0000000100000000)
  eden space 178176K, 0% used [0x00000000eab00000,0x00000000eab00000,0x00000000f5900000)
  from space 40960K, 11% used [0x00000000f8000000,0x00000000f84ccc40,0x00000000fa800000)
  to   space 39936K, 0% used [0x00000000f5900000,0x00000000f5900000,0x00000000f8000000)
 ParOldGen       total 106496K, used 37027K [0x00000000c0000000, 0x00000000c6800000, 0x00000000eab00000)
  object space 106496K, 34% used [0x00000000c0000000,0x00000000c2428da0,0x00000000c6800000)
 Metaspace       used 57651K, capacity 59130K, committed 59392K, reserved 1101824K
  class space    used 7536K, capacity 7873K, committed 7936K, reserved 1048576K
}
Event: 2134.859 GC heap before
{Heap before GC invocations=19 (full 4):
 PSYoungGen      total 219136K, used 183091K [0x00000000eab00000, 0x00000000fc800000, 0x0000000100000000)
  eden space 178176K, 100% used [0x00000000eab00000,0x00000000f5900000,0x00000000f5900000)
  from space 40960K, 11% used [0x00000000f8000000,0x00000000f84ccc40,0x00000000fa800000)
  to   space 39936K, 0% used [0x00000000f5900000,0x00000000f5900000,0x00000000f8000000)
 ParOldGen       total 106496K, used 37027K [0x00000000c0000000, 0x00000000c6800000, 0x00000000eab00000)
  object space 106496K, 34% used [0x00000000c0000000,0x00000000c2428da0,0x00000000c6800000)
 Metaspace       used 58038K, capacity 59632K, committed 59648K, reserved 1101824K
  class space    used 7562K, capacity 7936K, committed 7936K, reserved 1048576K
Event: 2134.889 GC heap after
Heap after GC invocations=19 (full 4):
 PSYoungGen      total 211968K, used 39934K [0x00000000eab00000, 0x00000000fbd00000, 0x0000000100000000)
  eden space 172032K, 0% used [0x00000000eab00000,0x00000000eab00000,0x00000000f5300000)
  from space 39936K, 99% used [0x00000000f5900000,0x00000000f7fff920,0x00000000f8000000)
  to   space 54272K, 0% used [0x00000000f8800000,0x00000000f8800000,0x00000000fbd00000)
 ParOldGen       total 106496K, used 56698K [0x00000000c0000000, 0x00000000c6800000, 0x00000000eab00000)
  object space 106496K, 53% used [0x00000000c0000000,0x00000000c375e8a0,0x00000000c6800000)
 Metaspace       used 58038K, capacity 59632K, committed 59648K, reserved 1101824K
  class space    used 7562K, capacity 7936K, committed 7936K, reserved 1048576K
}
Event: 2140.107 GC heap before
{Heap before GC invocations=20 (full 4):
 PSYoungGen      total 211968K, used 106207K [0x00000000eab00000, 0x00000000fbd00000, 0x0000000100000000)
  eden space 172032K, 38% used [0x00000000eab00000,0x00000000eebb8568,0x00000000f5300000)
  from space 39936K, 99% used [0x00000000f5900000,0x00000000f7fff920,0x00000000f8000000)
  to   space 54272K, 0% used [0x00000000f8800000,0x00000000f8800000,0x00000000fbd00000)
 ParOldGen       total 106496K, used 56698K [0x00000000c0000000, 0x00000000c6800000, 0x00000000eab00000)
  object space 106496K, 53% used [0x00000000c0000000,0x00000000c375e8a0,0x00000000c6800000)
 Metaspace       used 58195K, capacity 59814K, committed 60032K, reserved 1101824K
  class space    used 7567K, capacity 7945K, committed 8064K, reserved 1048576K
Event: 2140.126 GC heap after
Heap after GC invocations=20 (full 4):
 PSYoungGen      total 224768K, used 32873K [0x00000000eab00000, 0x00000000fc000000, 0x0000000100000000)
  eden space 170496K, 0% used [0x00000000eab00000,0x00000000eab00000,0x00000000f5180000)
  from space 54272K, 60% used [0x00000000f8800000,0x00000000fa81a730,0x00000000fbd00000)
  to   space 55808K, 0% used [0x00000000f5180000,0x00000000f5180000,0x00000000f8800000)
 ParOldGen       total 106496K, used 56706K [0x00000000c0000000, 0x00000000c6800000, 0x00000000eab00000)
  object space 106496K, 53% used [0x00000000c0000000,0x00000000c37608a0,0x00000000c6800000)
 Metaspace       used 58195K, capacity 59814K, committed 60032K, reserved 1101824K
  class space    used 7567K, capacity 7945K, committed 8064K, reserved 1048576K
}
Event: 2140.126 GC heap before
{Heap before GC invocations=21 (full 5):
 PSYoungGen      total 224768K, used 32873K [0x00000000eab00000, 0x00000000fc000000, 0x0000000100000000)
  eden space 170496K, 0% used [0x00000000eab00000,0x00000000eab00000,0x00000000f5180000)
  from space 54272K, 60% used [0x00000000f8800000,0x00000000fa81a730,0x00000000fbd00000)
  to   space 55808K, 0% used [0x00000000f5180000,0x00000000f5180000,0x00000000f8800000)
 ParOldGen       total 106496K, used 56706K [0x00000000c0000000, 0x00000000c6800000, 0x00000000eab00000)
  object space 106496K, 53% used [0x00000000c0000000,0x00000000c37608a0,0x00000000c6800000)
 Metaspace       used 58195K, capacity 59814K, committed 60032K, reserved 1101824K
  class space    used 7567K, capacity 7945K, committed 8064K, reserved 1048576K
Event: 2140.296 GC heap after
Heap after GC invocations=21 (full 5):
 PSYoungGen      total 224768K, used 0K [0x00000000eab00000, 0x00000000fc000000, 0x0000000100000000)
  eden space 170496K, 0% used [0x00000000eab00000,0x00000000eab00000,0x00000000f5180000)
  from space 54272K, 0% used [0x00000000f8800000,0x00000000f8800000,0x00000000fbd00000)
  to   space 55808K, 0% used [0x00000000f5180000,0x00000000f5180000,0x00000000f8800000)
 ParOldGen       total 106496K, used 33009K [0x00000000c0000000, 0x00000000c6800000, 0x00000000eab00000)
  object space 106496K, 30% used [0x00000000c0000000,0x00000000c203c460,0x00000000c6800000)
 Metaspace       used 57840K, capacity 59206K, committed 60032K, reserved 1101824K
  class space    used 7512K, capacity 7829K, committed 8064K, reserved 1048576K
}

