# JRE version: Java(TM) SE Runtime Environment (8.0_73-b02) (build 1.8.0_73-b02)
# Java VM: Java HotSpot(TM) 64-Bit Server VM (25.73-b02 mixed mode windows-amd64 compressed oops)
Heap:
 PSYoungGen      total 179200K, used 89960K [0x00000000eab00000, 0x00000000f7d80000, 0x0000000100000000)
  eden space 150016K, 49% used [0x00000000eab00000,0x00000000ef4381e0,0x00000000f3d80000)
  from space 29184K, 51% used [0x00000000f6100000,0x00000000f6fa2158,0x00000000f7d80000)
  to   space 32768K, 0% used [0x00000000f3d80000,0x00000000f3d80000,0x00000000f5d80000)
 ParOldGen       total 107008K, used 40456K [0x00000000c0000000, 0x00000000c6880000, 0x00000000eab00000)
  object space 107008K, 37% used [0x00000000c0000000,0x00000000c2782140,0x00000000c6880000)
 Metaspace       used 64517K, capacity 66460K, committed 66688K, reserved 1107968K
  class space    used 8540K, capacity 9056K, committed 9088K, reserved 1048576K
GC Heap History (10 events):
Event: 22.898 GC heap before
{Heap before GC invocations=19 (full 2):
 PSYoungGen      total 157696K, used 66911K [0x00000000eab00000, 0x00000000f6f80000, 0x0000000100000000)
  eden space 129024K, 29% used [0x00000000eab00000,0x00000000ed059610,0x00000000f2900000)
  from space 28672K, 99% used [0x00000000f4900000,0x00000000f64fe7d8,0x00000000f6500000)
  to   space 32768K, 0% used [0x00000000f2900000,0x00000000f2900000,0x00000000f4900000)
 ParOldGen       total 107008K, used 30265K [0x00000000c0000000, 0x00000000c6880000, 0x00000000eab00000)
  object space 107008K, 28% used [0x00000000c0000000,0x00000000c1d8e7d0,0x00000000c6880000)
 Metaspace       used 55812K, capacity 57082K, committed 57216K, reserved 1099776K
  class space    used 7395K, capacity 7718K, committed 7808K, reserved 1048576K
Event: 22.920 GC heap after
Heap after GC invocations=19 (full 2):
 PSYoungGen      total 161792K, used 24004K [0x00000000eab00000, 0x00000000f7380000, 0x0000000100000000)
  eden space 129024K, 0% used [0x00000000eab00000,0x00000000eab00000,0x00000000f2900000)
  from space 32768K, 73% used [0x00000000f2900000,0x00000000f4071130,0x00000000f4900000)
  to   space 34816K, 0% used [0x00000000f5180000,0x00000000f5180000,0x00000000f7380000)
 ParOldGen       total 107008K, used 30273K [0x00000000c0000000, 0x00000000c6880000, 0x00000000eab00000)
  object space 107008K, 28% used [0x00000000c0000000,0x00000000c1d907d0,0x00000000c6880000)
 Metaspace       used 55812K, capacity 57082K, committed 57216K, reserved 1099776K
  class space    used 7395K, capacity 7718K, committed 7808K, reserved 1048576K
}
Event: 22.920 GC heap before
{Heap before GC invocations=20 (full 3):
 PSYoungGen      total 161792K, used 24004K [0x00000000eab00000, 0x00000000f7380000, 0x0000000100000000)
  eden space 129024K, 0% used [0x00000000eab00000,0x00000000eab00000,0x00000000f2900000)
  from space 32768K, 73% used [0x00000000f2900000,0x00000000f4071130,0x00000000f4900000)
  to   space 34816K, 0% used [0x00000000f5180000,0x00000000f5180000,0x00000000f7380000)
 ParOldGen       total 107008K, used 30273K [0x00000000c0000000, 0x00000000c6880000, 0x00000000eab00000)
  object space 107008K, 28% used [0x00000000c0000000,0x00000000c1d907d0,0x00000000c6880000)
 Metaspace       used 55812K, capacity 57082K, committed 57216K, reserved 1099776K
  class space    used 7395K, capacity 7718K, committed 7808K, reserved 1048576K
Event: 23.181 GC heap after
Heap after GC invocations=20 (full 3):
 PSYoungGen      total 161792K, used 0K [0x00000000eab00000, 0x00000000f7380000, 0x0000000100000000)
  eden space 129024K, 0% used [0x00000000eab00000,0x00000000eab00000,0x00000000f2900000)
  from space 32768K, 0% used [0x00000000f2900000,0x00000000f2900000,0x00000000f4900000)
  to   space 34816K, 0% used [0x00000000f5180000,0x00000000f5180000,0x00000000f7380000)
 ParOldGen       total 107008K, used 40432K [0x00000000c0000000, 0x00000000c6880000, 0x00000000eab00000)
  object space 107008K, 37% used [0x00000000c0000000,0x00000000c277c140,0x00000000c6880000)
 Metaspace       used 55812K, capacity 57082K, committed 57216K, reserved 1099776K
  class space    used 7395K, capacity 7718K, committed 7808K, reserved 1048576K
}
Event: 76.575 GC heap before
{Heap before GC invocations=21 (full 3):
 PSYoungGen      total 161792K, used 129024K [0x00000000eab00000, 0x00000000f7380000, 0x0000000100000000)
  eden space 129024K, 100% used [0x00000000eab00000,0x00000000f2900000,0x00000000f2900000)
  from space 32768K, 0% used [0x00000000f2900000,0x00000000f2900000,0x00000000f4900000)
  to   space 34816K, 0% used [0x00000000f5180000,0x00000000f5180000,0x00000000f7380000)
 ParOldGen       total 107008K, used 40432K [0x00000000c0000000, 0x00000000c6880000, 0x00000000eab00000)
  object space 107008K, 37% used [0x00000000c0000000,0x00000000c277c140,0x00000000c6880000)
 Metaspace       used 57941K, capacity 59328K, committed 59520K, reserved 1101824K
  class space    used 7647K, capacity 7997K, committed 8064K, reserved 1048576K
Event: 76.580 GC heap after
Heap after GC invocations=21 (full 3):
 PSYoungGen      total 170496K, used 3965K [0x00000000eab00000, 0x00000000f7b00000, 0x0000000100000000)
  eden space 135680K, 0% used [0x00000000eab00000,0x00000000eab00000,0x00000000f2f80000)
  from space 34816K, 11% used [0x00000000f5180000,0x00000000f555f450,0x00000000f7380000)
  to   space 34816K, 0% used [0x00000000f2f80000,0x00000000f2f80000,0x00000000f5180000)
 ParOldGen       total 107008K, used 40440K [0x00000000c0000000, 0x00000000c6880000, 0x00000000eab00000)
  object space 107008K, 37% used [0x00000000c0000000,0x00000000c277e140,0x00000000c6880000)
 Metaspace       used 57941K, capacity 59328K, committed 59520K, reserved 1101824K
  class space    used 7647K, capacity 7997K, committed 8064K, reserved 1048576K
}
Event: 77.323 GC heap before
{Heap before GC invocations=22 (full 3):
 PSYoungGen      total 170496K, used 139645K [0x00000000eab00000, 0x00000000f7b00000, 0x0000000100000000)
  eden space 135680K, 100% used [0x00000000eab00000,0x00000000f2f80000,0x00000000f2f80000)
  from space 34816K, 11% used [0x00000000f5180000,0x00000000f555f450,0x00000000f7380000)
  to   space 34816K, 0% used [0x00000000f2f80000,0x00000000f2f80000,0x00000000f5180000)
 ParOldGen       total 107008K, used 40440K [0x00000000c0000000, 0x00000000c6880000, 0x00000000eab00000)
  object space 107008K, 37% used [0x00000000c0000000,0x00000000c277e140,0x00000000c6880000)
 Metaspace       used 59192K, capacity 60736K, committed 60928K, reserved 1101824K
  class space    used 7791K, capacity 8136K, committed 8192K, reserved 1048576K
Event: 77.330 GC heap after
Heap after GC invocations=22 (full 3):
 PSYoungGen      total 170496K, used 4514K [0x00000000eab00000, 0x00000000f8280000, 0x0000000100000000)
  eden space 135680K, 0% used [0x00000000eab00000,0x00000000eab00000,0x00000000f2f80000)
  from space 34816K, 12% used [0x00000000f2f80000,0x00000000f33e89b0,0x00000000f5180000)
  to   space 34304K, 0% used [0x00000000f6100000,0x00000000f6100000,0x00000000f8280000)
 ParOldGen       total 107008K, used 40448K [0x00000000c0000000, 0x00000000c6880000, 0x00000000eab00000)
  object space 107008K, 37% used [0x00000000c0000000,0x00000000c2780140,0x00000000c6880000)
 Metaspace       used 59192K, capacity 60736K, committed 60928K, reserved 1101824K
  class space    used 7791K, capacity 8136K, committed 8192K, reserved 1048576K
}
Event: 91.119 GC heap before
{Heap before GC invocations=23 (full 3):
 PSYoungGen      total 170496K, used 140194K [0x00000000eab00000, 0x00000000f8280000, 0x0000000100000000)
  eden space 135680K, 100% used [0x00000000eab00000,0x00000000f2f80000,0x00000000f2f80000)
  from space 34816K, 12% used [0x00000000f2f80000,0x00000000f33e89b0,0x00000000f5180000)
  to   space 34304K, 0% used [0x00000000f6100000,0x00000000f6100000,0x00000000f8280000)
 ParOldGen       total 107008K, used 40448K [0x00000000c0000000, 0x00000000c6880000, 0x00000000eab00000)
  object space 107008K, 37% used [0x00000000c0000000,0x00000000c2780140,0x00000000c6880000)
 Metaspace       used 63005K, capacity 64744K, committed 64768K, reserved 1105920K
  class space    used 8262K, capacity 8690K, committed 8704K, reserved 1048576K
Event: 91.154 GC heap after
Heap after GC invocations=23 (full 3):
 PSYoungGen      total 179200K, used 14984K [0x00000000eab00000, 0x00000000f7d80000, 0x0000000100000000)
  eden space 150016K, 0% used [0x00000000eab00000,0x00000000eab00000,0x00000000f3d80000)
  from space 29184K, 51% used [0x00000000f6100000,0x00000000f6fa2158,0x00000000f7d80000)
  to   space 32768K, 0% used [0x00000000f3d80000,0x00000000f3d80000,0x00000000f5d80000)
 ParOldGen       total 107008K, used 40456K [0x00000000c0000000, 0x00000000c6880000, 0x00000000eab00000)
  object space 107008K, 37% used [0x00000000c0000000,0x00000000c2782140,0x00000000c6880000)
 Metaspace       used 63005K, capacity 64744K, committed 64768K, reserved 1105920K
  class space    used 8262K, capacity 8690K, committed 8704K, reserved 1048576K
}

