# JRE version: Java(TM) SE Runtime Environment (8.0_73-b02) (build 1.8.0_73-b02)
# Java VM: Java HotSpot(TM) 64-Bit Server VM (25.73-b02 mixed mode windows-amd64 compressed oops)
Heap:
 PSYoungGen      total 128512K, used 78126K [0x00000000eab00000, 0x00000000f6000000, 0x0000000100000000)
  eden space 109056K, 53% used [0x00000000eab00000,0x00000000ee44f820,0x00000000f1580000)
  from space 19456K, 99% used [0x00000000f1580000,0x00000000f287c108,0x00000000f2880000)
  to   space 26112K, 0% used [0x00000000f4680000,0x00000000f4680000,0x00000000f6000000)
 ParOldGen       total 101376K, used 40351K [0x00000000c0000000, 0x00000000c6300000, 0x00000000eab00000)
  object space 101376K, 39% used [0x00000000c0000000,0x00000000c2767c08,0x00000000c6300000)
 Metaspace       used 53516K, capacity 54586K, committed 54912K, reserved 1097728K
  class space    used 7187K, capacity 7471K, committed 7552K, reserved 1048576K
GC Heap History (10 events):
Event: 7.307 GC heap before
{Heap before GC invocations=11 (full 2):
 PSYoungGen      total 82944K, used 10742K [0x00000000eab00000, 0x00000000f2080000, 0x0000000100000000)
  eden space 72192K, 0% used [0x00000000eab00000,0x00000000eab00000,0x00000000ef180000)
  from space 10752K, 99% used [0x00000000ef180000,0x00000000efbfda98,0x00000000efc00000)
  to   space 12800K, 0% used [0x00000000f1400000,0x00000000f1400000,0x00000000f2080000)
 ParOldGen       total 62976K, used 12399K [0x00000000c0000000, 0x00000000c3d80000, 0x00000000eab00000)
  object space 62976K, 19% used [0x00000000c0000000,0x00000000c0c1bf60,0x00000000c3d80000)
 Metaspace       used 34613K, capacity 35308K, committed 35456K, reserved 1079296K
  class space    used 4696K, capacity 4894K, committed 4992K, reserved 1048576K
Event: 7.372 GC heap after
Heap after GC invocations=11 (full 2):
 PSYoungGen      total 82944K, used 0K [0x00000000eab00000, 0x00000000f2080000, 0x0000000100000000)
  eden space 72192K, 0% used [0x00000000eab00000,0x00000000eab00000,0x00000000ef180000)
  from space 10752K, 0% used [0x00000000ef180000,0x00000000ef180000,0x00000000efc00000)
  to   space 12800K, 0% used [0x00000000f1400000,0x00000000f1400000,0x00000000f2080000)
 ParOldGen       total 101376K, used 21231K [0x00000000c0000000, 0x00000000c6300000, 0x00000000eab00000)
  object space 101376K, 20% used [0x00000000c0000000,0x00000000c14bbf28,0x00000000c6300000)
 Metaspace       used 34613K, capacity 35308K, committed 35456K, reserved 1079296K
  class space    used 4696K, capacity 4894K, committed 4992K, reserved 1048576K
}
Event: 8.334 GC heap before
{Heap before GC invocations=12 (full 2):
 PSYoungGen      total 82944K, used 72192K [0x00000000eab00000, 0x00000000f2080000, 0x0000000100000000)
  eden space 72192K, 100% used [0x00000000eab00000,0x00000000ef180000,0x00000000ef180000)
  from space 10752K, 0% used [0x00000000ef180000,0x00000000ef180000,0x00000000efc00000)
  to   space 12800K, 0% used [0x00000000f1400000,0x00000000f1400000,0x00000000f2080000)
 ParOldGen       total 101376K, used 21231K [0x00000000c0000000, 0x00000000c6300000, 0x00000000eab00000)
  object space 101376K, 20% used [0x00000000c0000000,0x00000000c14bbf28,0x00000000c6300000)
 Metaspace       used 40243K, capacity 41030K, committed 41344K, reserved 1085440K
  class space    used 5507K, capacity 5709K, committed 5760K, reserved 1048576K
Event: 8.344 GC heap after
Heap after GC invocations=12 (full 2):
 PSYoungGen      total 100352K, used 8453K [0x00000000eab00000, 0x00000000f1d00000, 0x0000000100000000)
  eden space 91136K, 0% used [0x00000000eab00000,0x00000000eab00000,0x00000000f0400000)
  from space 9216K, 91% used [0x00000000f1400000,0x00000000f1c41640,0x00000000f1d00000)
  to   space 12800K, 0% used [0x00000000f0400000,0x00000000f0400000,0x00000000f1080000)
 ParOldGen       total 101376K, used 21239K [0x00000000c0000000, 0x00000000c6300000, 0x00000000eab00000)
  object space 101376K, 20% used [0x00000000c0000000,0x00000000c14bdf28,0x00000000c6300000)
 Metaspace       used 40243K, capacity 41030K, committed 41344K, reserved 1085440K
  class space    used 5507K, capacity 5709K, committed 5760K, reserved 1048576K
}
Event: 10.247 GC heap before
{Heap before GC invocations=13 (full 2):
 PSYoungGen      total 100352K, used 99589K [0x00000000eab00000, 0x00000000f1d00000, 0x0000000100000000)
  eden space 91136K, 100% used [0x00000000eab00000,0x00000000f0400000,0x00000000f0400000)
  from space 9216K, 91% used [0x00000000f1400000,0x00000000f1c41640,0x00000000f1d00000)
  to   space 12800K, 0% used [0x00000000f0400000,0x00000000f0400000,0x00000000f1080000)
 ParOldGen       total 101376K, used 21239K [0x00000000c0000000, 0x00000000c6300000, 0x00000000eab00000)
  object space 101376K, 20% used [0x00000000c0000000,0x00000000c14bdf28,0x00000000c6300000)
 Metaspace       used 44636K, capacity 45614K, committed 45952K, reserved 1089536K
  class space    used 6175K, capacity 6431K, committed 6528K, reserved 1048576K
Event: 10.258 GC heap after
Heap after GC invocations=13 (full 2):
 PSYoungGen      total 103936K, used 12772K [0x00000000eab00000, 0x00000000f3780000, 0x0000000100000000)
  eden space 91136K, 0% used [0x00000000eab00000,0x00000000eab00000,0x00000000f0400000)
  from space 12800K, 99% used [0x00000000f0400000,0x00000000f1079320,0x00000000f1080000)
  to   space 15360K, 0% used [0x00000000f2880000,0x00000000f2880000,0x00000000f3780000)
 ParOldGen       total 101376K, used 24048K [0x00000000c0000000, 0x00000000c6300000, 0x00000000eab00000)
  object space 101376K, 23% used [0x00000000c0000000,0x00000000c177c158,0x00000000c6300000)
 Metaspace       used 44636K, capacity 45614K, committed 45952K, reserved 1089536K
  class space    used 6175K, capacity 6431K, committed 6528K, reserved 1048576K
}
Event: 15.484 GC heap before
{Heap before GC invocations=14 (full 2):
 PSYoungGen      total 103936K, used 103908K [0x00000000eab00000, 0x00000000f3780000, 0x0000000100000000)
  eden space 91136K, 100% used [0x00000000eab00000,0x00000000f0400000,0x00000000f0400000)
  from space 12800K, 99% used [0x00000000f0400000,0x00000000f1079320,0x00000000f1080000)
  to   space 15360K, 0% used [0x00000000f2880000,0x00000000f2880000,0x00000000f3780000)
 ParOldGen       total 101376K, used 24048K [0x00000000c0000000, 0x00000000c6300000, 0x00000000eab00000)
  object space 101376K, 23% used [0x00000000c0000000,0x00000000c177c158,0x00000000c6300000)
 Metaspace       used 50413K, capacity 51390K, committed 51584K, reserved 1093632K
  class space    used 6925K, capacity 7205K, committed 7296K, reserved 1048576K
Event: 15.508 GC heap after
Heap after GC invocations=14 (full 2):
 PSYoungGen      total 124416K, used 15359K [0x00000000eab00000, 0x00000000f3e00000, 0x0000000100000000)
  eden space 109056K, 0% used [0x00000000eab00000,0x00000000eab00000,0x00000000f1580000)
  from space 15360K, 99% used [0x00000000f2880000,0x00000000f377fd50,0x00000000f3780000)
  to   space 19456K, 0% used [0x00000000f1580000,0x00000000f1580000,0x00000000f2880000)
 ParOldGen       total 101376K, used 30091K [0x00000000c0000000, 0x00000000c6300000, 0x00000000eab00000)
  object space 101376K, 29% used [0x00000000c0000000,0x00000000c1d62d78,0x00000000c6300000)
 Metaspace       used 50413K, capacity 51390K, committed 51584K, reserved 1093632K
  class space    used 6925K, capacity 7205K, committed 7296K, reserved 1048576K
}
Event: 18.112 GC heap before
{Heap before GC invocations=15 (full 2):
 PSYoungGen      total 124416K, used 124415K [0x00000000eab00000, 0x00000000f3e00000, 0x0000000100000000)
  eden space 109056K, 100% used [0x00000000eab00000,0x00000000f1580000,0x00000000f1580000)
  from space 15360K, 99% used [0x00000000f2880000,0x00000000f377fd50,0x00000000f3780000)
  to   space 19456K, 0% used [0x00000000f1580000,0x00000000f1580000,0x00000000f2880000)
 ParOldGen       total 101376K, used 30091K [0x00000000c0000000, 0x00000000c6300000, 0x00000000eab00000)
  object space 101376K, 29% used [0x00000000c0000000,0x00000000c1d62d78,0x00000000c6300000)
 Metaspace       used 53283K, capacity 54324K, committed 54528K, reserved 1095680K
  class space    used 7162K, capacity 7406K, committed 7424K, reserved 1048576K
Event: 18.133 GC heap after
Heap after GC invocations=15 (full 2):
 PSYoungGen      total 128512K, used 19440K [0x00000000eab00000, 0x00000000f6000000, 0x0000000100000000)
  eden space 109056K, 0% used [0x00000000eab00000,0x00000000eab00000,0x00000000f1580000)
  from space 19456K, 99% used [0x00000000f1580000,0x00000000f287c108,0x00000000f2880000)
  to   space 26112K, 0% used [0x00000000f4680000,0x00000000f4680000,0x00000000f6000000)
 ParOldGen       total 101376K, used 40351K [0x00000000c0000000, 0x00000000c6300000, 0x00000000eab00000)
  object space 101376K, 39% used [0x00000000c0000000,0x00000000c2767c08,0x00000000c6300000)
 Metaspace       used 53283K, capacity 54324K, committed 54528K, reserved 1095680K
  class space    used 7162K, capacity 7406K, committed 7424K, reserved 1048576K
}

