# JRE version: Java(TM) SE Runtime Environment (8.0_73-b02) (build 1.8.0_73-b02)
# Java VM: Java HotSpot(TM) 64-Bit Server VM (25.73-b02 mixed mode windows-amd64 compressed oops)
Heap:
 PSYoungGen      total 246784K, used 147004K [0x00000000eab00000, 0x00000000fe380000, 0x0000000100000000)
  eden space 225792K, 61% used [0x00000000eab00000,0x00000000f3313f78,0x00000000f8780000)
  from space 20992K, 36% used [0x00000000f9b80000,0x00000000fa2fb1f0,0x00000000fb000000)
  to   space 20480K, 0% used [0x00000000f8780000,0x00000000f8780000,0x00000000f9b80000)
 ParOldGen       total 83968K, used 44079K [0x00000000c0000000, 0x00000000c5200000, 0x00000000eab00000)
  object space 83968K, 52% used [0x00000000c0000000,0x00000000c2b0bc48,0x00000000c5200000)
 Metaspace       used 57324K, capacity 59308K, committed 59520K, reserved 1099776K
  class space    used 7761K, capacity 8273K, committed 8320K, reserved 1048576K
GC Heap History (10 events):
Event: 15.870 GC heap before
{Heap before GC invocations=11 (full 2):
 PSYoungGen      total 187904K, used 11901K [0x00000000eab00000, 0x00000000fa680000, 0x0000000100000000)
  eden space 173568K, 0% used [0x00000000eab00000,0x00000000eab00000,0x00000000f5480000)
  from space 14336K, 83% used [0x00000000f5480000,0x00000000f601f450,0x00000000f6280000)
  to   space 15360K, 0% used [0x00000000f9780000,0x00000000f9780000,0x00000000fa680000)
 ParOldGen       total 57856K, used 12216K [0x00000000c0000000, 0x00000000c3880000, 0x00000000eab00000)
  object space 57856K, 21% used [0x00000000c0000000,0x00000000c0bee1c0,0x00000000c3880000)
 Metaspace       used 34724K, capacity 35442K, committed 35496K, reserved 1079296K
  class space    used 4615K, capacity 4811K, committed 4864K, reserved 1048576K
Event: 15.965 GC heap after
Heap after GC invocations=11 (full 2):
 PSYoungGen      total 187904K, used 0K [0x00000000eab00000, 0x00000000fa680000, 0x0000000100000000)
  eden space 173568K, 0% used [0x00000000eab00000,0x00000000eab00000,0x00000000f5480000)
  from space 14336K, 0% used [0x00000000f5480000,0x00000000f5480000,0x00000000f6280000)
  to   space 15360K, 0% used [0x00000000f9780000,0x00000000f9780000,0x00000000fa680000)
 ParOldGen       total 83968K, used 18766K [0x00000000c0000000, 0x00000000c5200000, 0x00000000eab00000)
  object space 83968K, 22% used [0x00000000c0000000,0x00000000c1253a80,0x00000000c5200000)
 Metaspace       used 34704K, capacity 35420K, committed 35496K, reserved 1079296K
  class space    used 4609K, capacity 4805K, committed 4864K, reserved 1048576K
}
Event: 40.867 GC heap before
{Heap before GC invocations=12 (full 2):
 PSYoungGen      total 187904K, used 173568K [0x00000000eab00000, 0x00000000fa680000, 0x0000000100000000)
  eden space 173568K, 100% used [0x00000000eab00000,0x00000000f5480000,0x00000000f5480000)
  from space 14336K, 0% used [0x00000000f5480000,0x00000000f5480000,0x00000000f6280000)
  to   space 15360K, 0% used [0x00000000f9780000,0x00000000f9780000,0x00000000fa680000)
 ParOldGen       total 83968K, used 18766K [0x00000000c0000000, 0x00000000c5200000, 0x00000000eab00000)
  object space 83968K, 22% used [0x00000000c0000000,0x00000000c1253a80,0x00000000c5200000)
 Metaspace       used 46761K, capacity 47798K, committed 48000K, reserved 1091584K
  class space    used 6305K, capacity 6521K, committed 6528K, reserved 1048576K
Event: 40.884 GC heap after
Heap after GC invocations=12 (full 2):
 PSYoungGen      total 237568K, used 15329K [0x00000000eab00000, 0x00000000fae00000, 0x0000000100000000)
  eden space 222208K, 0% used [0x00000000eab00000,0x00000000eab00000,0x00000000f8400000)
  from space 15360K, 99% used [0x00000000f9780000,0x00000000fa6787b8,0x00000000fa680000)
  to   space 19968K, 0% used [0x00000000f8400000,0x00000000f8400000,0x00000000f9780000)
 ParOldGen       total 83968K, used 24813K [0x00000000c0000000, 0x00000000c5200000, 0x00000000eab00000)
  object space 83968K, 29% used [0x00000000c0000000,0x00000000c183b4c0,0x00000000c5200000)
 Metaspace       used 46761K, capacity 47798K, committed 48000K, reserved 1091584K
  class space    used 6305K, capacity 6521K, committed 6528K, reserved 1048576K
}
Event: 45.051 GC heap before
{Heap before GC invocations=13 (full 2):
 PSYoungGen      total 237568K, used 151483K [0x00000000eab00000, 0x00000000fae00000, 0x0000000100000000)
  eden space 222208K, 61% used [0x00000000eab00000,0x00000000f2ff6810,0x00000000f8400000)
  from space 15360K, 99% used [0x00000000f9780000,0x00000000fa6787b8,0x00000000fa680000)
  to   space 19968K, 0% used [0x00000000f8400000,0x00000000f8400000,0x00000000f9780000)
 ParOldGen       total 83968K, used 24813K [0x00000000c0000000, 0x00000000c5200000, 0x00000000eab00000)
  object space 83968K, 29% used [0x00000000c0000000,0x00000000c183b4c0,0x00000000c5200000)
 Metaspace       used 51339K, capacity 52848K, committed 53120K, reserved 1095680K
  class space    used 7027K, capacity 7444K, committed 7552K, reserved 1048576K
Event: 45.086 GC heap after
Heap after GC invocations=13 (full 2):
 PSYoungGen      total 242176K, used 14881K [0x00000000eab00000, 0x00000000fb000000, 0x0000000100000000)
  eden space 222208K, 0% used [0x00000000eab00000,0x00000000eab00000,0x00000000f8400000)
  from space 19968K, 74% used [0x00000000f8400000,0x00000000f9288570,0x00000000f9780000)
  to   space 20992K, 0% used [0x00000000f9b80000,0x00000000f9b80000,0x00000000fb000000)
 ParOldGen       total 83968K, used 38627K [0x00000000c0000000, 0x00000000c5200000, 0x00000000eab00000)
  object space 83968K, 46% used [0x00000000c0000000,0x00000000c25b8f48,0x00000000c5200000)
 Metaspace       used 51339K, capacity 52848K, committed 53120K, reserved 1095680K
  class space    used 7027K, capacity 7444K, committed 7552K, reserved 1048576K
}
Event: 45.086 GC heap before
{Heap before GC invocations=14 (full 3):
 PSYoungGen      total 242176K, used 14881K [0x00000000eab00000, 0x00000000fb000000, 0x0000000100000000)
  eden space 222208K, 0% used [0x00000000eab00000,0x00000000eab00000,0x00000000f8400000)
  from space 19968K, 74% used [0x00000000f8400000,0x00000000f9288570,0x00000000f9780000)
  to   space 20992K, 0% used [0x00000000f9b80000,0x00000000f9b80000,0x00000000fb000000)
 ParOldGen       total 83968K, used 38627K [0x00000000c0000000, 0x00000000c5200000, 0x00000000eab00000)
  object space 83968K, 46% used [0x00000000c0000000,0x00000000c25b8f48,0x00000000c5200000)
 Metaspace       used 51339K, capacity 52848K, committed 53120K, reserved 1095680K
  class space    used 7027K, capacity 7444K, committed 7552K, reserved 1048576K
Event: 45.422 GC heap after
Heap after GC invocations=14 (full 3):
 PSYoungGen      total 242176K, used 0K [0x00000000eab00000, 0x00000000fb000000, 0x0000000100000000)
  eden space 222208K, 0% used [0x00000000eab00000,0x00000000eab00000,0x00000000f8400000)
  from space 19968K, 0% used [0x00000000f8400000,0x00000000f8400000,0x00000000f9780000)
  to   space 20992K, 0% used [0x00000000f9b80000,0x00000000f9b80000,0x00000000fb000000)
 ParOldGen       total 83968K, used 44071K [0x00000000c0000000, 0x00000000c5200000, 0x00000000eab00000)
  object space 83968K, 52% used [0x00000000c0000000,0x00000000c2b09c48,0x00000000c5200000)
 Metaspace       used 51339K, capacity 52848K, committed 53120K, reserved 1095680K
  class space    used 7027K, capacity 7444K, committed 7552K, reserved 1048576K
}
Event: 119.478 GC heap before
{Heap before GC invocations=15 (full 3):
 PSYoungGen      total 242176K, used 222208K [0x00000000eab00000, 0x00000000fb000000, 0x0000000100000000)
  eden space 222208K, 100% used [0x00000000eab00000,0x00000000f8400000,0x00000000f8400000)
  from space 19968K, 0% used [0x00000000f8400000,0x00000000f8400000,0x00000000f9780000)
  to   space 20992K, 0% used [0x00000000f9b80000,0x00000000f9b80000,0x00000000fb000000)
 ParOldGen       total 83968K, used 44071K [0x00000000c0000000, 0x00000000c5200000, 0x00000000eab00000)
  object space 83968K, 52% used [0x00000000c0000000,0x00000000c2b09c48,0x00000000c5200000)
 Metaspace       used 55535K, capacity 57428K, committed 57728K, reserved 1099776K
  class space    used 7546K, capacity 8029K, committed 8064K, reserved 1048576K
Event: 119.488 GC heap after
Heap after GC invocations=15 (full 3):
 PSYoungGen      total 246784K, used 7660K [0x00000000eab00000, 0x00000000fe380000, 0x0000000100000000)
  eden space 225792K, 0% used [0x00000000eab00000,0x00000000eab00000,0x00000000f8780000)
  from space 20992K, 36% used [0x00000000f9b80000,0x00000000fa2fb1f0,0x00000000fb000000)
  to   space 20480K, 0% used [0x00000000f8780000,0x00000000f8780000,0x00000000f9b80000)
 ParOldGen       total 83968K, used 44079K [0x00000000c0000000, 0x00000000c5200000, 0x00000000eab00000)
  object space 83968K, 52% used [0x00000000c0000000,0x00000000c2b0bc48,0x00000000c5200000)
 Metaspace       used 55535K, capacity 57428K, committed 57728K, reserved 1099776K
  class space    used 7546K, capacity 8029K, committed 8064K, reserved 1048576K
}

