# JRE version: Java(TM) SE Runtime Environment (8.0_73-b02) (build 1.8.0_73-b02)
# Java VM: Java HotSpot(TM) 64-Bit Server VM (25.73-b02 mixed mode windows-amd64 compressed oops)
Heap:
 PSYoungGen      total 173568K, used 159464K [0x00000000eab00000, 0x00000000f7380000, 0x0000000100000000)
  eden space 158208K, 91% used [0x00000000eab00000,0x00000000f37f60a8,0x00000000f4580000)
  from space 15360K, 98% used [0x00000000f4b00000,0x00000000f59c4010,0x00000000f5a00000)
  to   space 23552K, 0% used [0x00000000f5c80000,0x00000000f5c80000,0x00000000f7380000)
 ParOldGen       total 89600K, used 30349K [0x00000000c0000000, 0x00000000c5780000, 0x00000000eab00000)
  object space 89600K, 33% used [0x00000000c0000000,0x00000000c1da3648,0x00000000c5780000)
 Metaspace       used 65048K, capacity 67468K, committed 69376K, reserved 1110016K
  class space    used 8285K, capacity 8691K, committed 9216K, reserved 1048576K
GC Heap History (10 events):
Event: 3541.951 GC heap before
{Heap before GC invocations=44 (full 8):
 PSYoungGen      total 198656K, used 184053K [0x00000000eab00000, 0x00000000f8700000, 0x0000000100000000)
  eden space 176128K, 100% used [0x00000000eab00000,0x00000000f5700000,0x00000000f5700000)
  from space 22528K, 35% used [0x00000000f5700000,0x00000000f5ebd400,0x00000000f6d00000)
  to   space 21504K, 0% used [0x00000000f7200000,0x00000000f7200000,0x00000000f8700000)
 ParOldGen       total 89600K, used 40727K [0x00000000c0000000, 0x00000000c5780000, 0x00000000eab00000)
  object space 89600K, 45% used [0x00000000c0000000,0x00000000c27c5d18,0x00000000c5780000)
 Metaspace       used 65508K, capacity 68644K, committed 69120K, reserved 1110016K
  class space    used 8413K, capacity 8899K, committed 9216K, reserved 1048576K
Event: 3541.962 GC heap after
Heap after GC invocations=44 (full 8):
 PSYoungGen      total 187392K, used 17181K [0x00000000eab00000, 0x00000000f8300000, 0x0000000100000000)
  eden space 169984K, 0% used [0x00000000eab00000,0x00000000eab00000,0x00000000f5100000)
  from space 17408K, 98% used [0x00000000f7200000,0x00000000f82c74a8,0x00000000f8300000)
  to   space 23552K, 0% used [0x00000000f5500000,0x00000000f5500000,0x00000000f6c00000)
 ParOldGen       total 89600K, used 40735K [0x00000000c0000000, 0x00000000c5780000, 0x00000000eab00000)
  object space 89600K, 45% used [0x00000000c0000000,0x00000000c27c7d18,0x00000000c5780000)
 Metaspace       used 65508K, capacity 68644K, committed 69120K, reserved 1110016K
  class space    used 8413K, capacity 8899K, committed 9216K, reserved 1048576K
}
Event: 3543.815 GC heap before
{Heap before GC invocations=45 (full 8):
 PSYoungGen      total 187392K, used 40613K [0x00000000eab00000, 0x00000000f8300000, 0x0000000100000000)
  eden space 169984K, 13% used [0x00000000eab00000,0x00000000ec1e2230,0x00000000f5100000)
  from space 17408K, 98% used [0x00000000f7200000,0x00000000f82c74a8,0x00000000f8300000)
  to   space 23552K, 0% used [0x00000000f5500000,0x00000000f5500000,0x00000000f6c00000)
 ParOldGen       total 89600K, used 40735K [0x00000000c0000000, 0x00000000c5780000, 0x00000000eab00000)
  object space 89600K, 45% used [0x00000000c0000000,0x00000000c27c7d18,0x00000000c5780000)
 Metaspace       used 65526K, capacity 68662K, committed 69120K, reserved 1110016K
  class space    used 8415K, capacity 8902K, committed 9216K, reserved 1048576K
Event: 3543.818 GC heap after
Heap after GC invocations=45 (full 8):
 PSYoungGen      total 172544K, used 2058K [0x00000000eab00000, 0x00000000f7f00000, 0x0000000100000000)
  eden space 169984K, 0% used [0x00000000eab00000,0x00000000eab00000,0x00000000f5100000)
  from space 2560K, 80% used [0x00000000f5500000,0x00000000f57028b0,0x00000000f5780000)
  to   space 23552K, 0% used [0x00000000f6800000,0x00000000f6800000,0x00000000f7f00000)
 ParOldGen       total 89600K, used 40743K [0x00000000c0000000, 0x00000000c5780000, 0x00000000eab00000)
  object space 89600K, 45% used [0x00000000c0000000,0x00000000c27c9d18,0x00000000c5780000)
 Metaspace       used 65526K, capacity 68662K, committed 69120K, reserved 1110016K
  class space    used 8415K, capacity 8902K, committed 9216K, reserved 1048576K
}
Event: 3543.818 GC heap before
{Heap before GC invocations=46 (full 9):
 PSYoungGen      total 172544K, used 2058K [0x00000000eab00000, 0x00000000f7f00000, 0x0000000100000000)
  eden space 169984K, 0% used [0x00000000eab00000,0x00000000eab00000,0x00000000f5100000)
  from space 2560K, 80% used [0x00000000f5500000,0x00000000f57028b0,0x00000000f5780000)
  to   space 23552K, 0% used [0x00000000f6800000,0x00000000f6800000,0x00000000f7f00000)
 ParOldGen       total 89600K, used 40743K [0x00000000c0000000, 0x00000000c5780000, 0x00000000eab00000)
  object space 89600K, 45% used [0x00000000c0000000,0x00000000c27c9d18,0x00000000c5780000)
 Metaspace       used 65526K, capacity 68662K, committed 69120K, reserved 1110016K
  class space    used 8415K, capacity 8902K, committed 9216K, reserved 1048576K
Event: 3544.069 GC heap after
Heap after GC invocations=46 (full 9):
 PSYoungGen      total 172544K, used 0K [0x00000000eab00000, 0x00000000f7f00000, 0x0000000100000000)
  eden space 169984K, 0% used [0x00000000eab00000,0x00000000eab00000,0x00000000f5100000)
  from space 2560K, 0% used [0x00000000f5500000,0x00000000f5500000,0x00000000f5780000)
  to   space 23552K, 0% used [0x00000000f6800000,0x00000000f6800000,0x00000000f7f00000)
 ParOldGen       total 89600K, used 30333K [0x00000000c0000000, 0x00000000c5780000, 0x00000000eab00000)
  object space 89600K, 33% used [0x00000000c0000000,0x00000000c1d9f648,0x00000000c5780000)
 Metaspace       used 64464K, capacity 66418K, committed 69120K, reserved 1110016K
  class space    used 8175K, capacity 8461K, committed 9216K, reserved 1048576K
}
Event: 3911.134 GC heap before
{Heap before GC invocations=47 (full 9):
 PSYoungGen      total 172544K, used 169984K [0x00000000eab00000, 0x00000000f7f00000, 0x0000000100000000)
  eden space 169984K, 100% used [0x00000000eab00000,0x00000000f5100000,0x00000000f5100000)
  from space 2560K, 0% used [0x00000000f5500000,0x00000000f5500000,0x00000000f5780000)
  to   space 23552K, 0% used [0x00000000f6800000,0x00000000f6800000,0x00000000f7f00000)
 ParOldGen       total 89600K, used 30333K [0x00000000c0000000, 0x00000000c5780000, 0x00000000eab00000)
  object space 89600K, 33% used [0x00000000c0000000,0x00000000c1d9f648,0x00000000c5780000)
 Metaspace       used 64737K, capacity 66870K, committed 69376K, reserved 1110016K
  class space    used 8227K, capacity 8544K, committed 9216K, reserved 1048576K
Event: 3911.155 GC heap after
Heap after GC invocations=47 (full 9):
 PSYoungGen      total 179200K, used 10864K [0x00000000eab00000, 0x00000000f7700000, 0x0000000100000000)
  eden space 163840K, 0% used [0x00000000eab00000,0x00000000eab00000,0x00000000f4b00000)
  from space 15360K, 70% used [0x00000000f6800000,0x00000000f729c030,0x00000000f7700000)
  to   space 22528K, 0% used [0x00000000f4b00000,0x00000000f4b00000,0x00000000f6100000)
 ParOldGen       total 89600K, used 30341K [0x00000000c0000000, 0x00000000c5780000, 0x00000000eab00000)
  object space 89600K, 33% used [0x00000000c0000000,0x00000000c1da1648,0x00000000c5780000)
 Metaspace       used 64737K, capacity 66870K, committed 69376K, reserved 1110016K
  class space    used 8227K, capacity 8544K, committed 9216K, reserved 1048576K
}
Event: 3916.988 GC heap before
{Heap before GC invocations=48 (full 9):
 PSYoungGen      total 179200K, used 174704K [0x00000000eab00000, 0x00000000f7700000, 0x0000000100000000)
  eden space 163840K, 100% used [0x00000000eab00000,0x00000000f4b00000,0x00000000f4b00000)
  from space 15360K, 70% used [0x00000000f6800000,0x00000000f729c030,0x00000000f7700000)
  to   space 22528K, 0% used [0x00000000f4b00000,0x00000000f4b00000,0x00000000f6100000)
 ParOldGen       total 89600K, used 30341K [0x00000000c0000000, 0x00000000c5780000, 0x00000000eab00000)
  object space 89600K, 33% used [0x00000000c0000000,0x00000000c1da1648,0x00000000c5780000)
 Metaspace       used 64914K, capacity 67244K, committed 69376K, reserved 1110016K
  class space    used 8276K, capacity 8675K, committed 9216K, reserved 1048576K
Event: 3917.001 GC heap after
Heap after GC invocations=48 (full 9):
 PSYoungGen      total 173568K, used 15120K [0x00000000eab00000, 0x00000000f7380000, 0x0000000100000000)
  eden space 158208K, 0% used [0x00000000eab00000,0x00000000eab00000,0x00000000f4580000)
  from space 15360K, 98% used [0x00000000f4b00000,0x00000000f59c4010,0x00000000f5a00000)
  to   space 23552K, 0% used [0x00000000f5c80000,0x00000000f5c80000,0x00000000f7380000)
 ParOldGen       total 89600K, used 30349K [0x00000000c0000000, 0x00000000c5780000, 0x00000000eab00000)
  object space 89600K, 33% used [0x00000000c0000000,0x00000000c1da3648,0x00000000c5780000)
 Metaspace       used 64914K, capacity 67244K, committed 69376K, reserved 1110016K
  class space    used 8276K, capacity 8675K, committed 9216K, reserved 1048576K
}

